<?xml version="1.0" encoding="UTF-8"?>
<!-- Generated by org.testng.reporters.JUnitXMLReporter -->
<testsuite ignored="0" hostname="TIAABCP-UNADDSI013L3904534" failures="0" tests="4" name="PetTest" time="13.267" errors="0" timestamp="2024-12-30T09:59:37 IST">
  <testcase classname="api.test.UserTestsProperties" name="testPostUser" time="3.953"/>
  <testcase classname="api.test.UserTestsProperties" name="testGetUserByName" time="2.186"/>
  <testcase classname="api.test.UserTestsProperties" name="testUpdateUserByName" time="4.398"/>
  <testcase classname="api.test.UserTestsProperties" name="testDeleteUserByName" time="2.558"/>
</testsuite> <!-- PetTest -->
