<?xml version="1.0" encoding="UTF-8"?>
<!-- Generated by org.testng.reporters.JUnitXMLReporter -->
<testsuite ignored="0" hostname="TIAABCP-UNADDSI013L3904534" failures="0" tests="4" name="Default test" time="36.867" errors="0" timestamp="2024-12-25T18:34:37 IST">
  <testcase classname="api.test.UserTests" name="testPostUser" time="6.018"/>
  <testcase classname="api.test.UserTests" name="testGetUserByName" time="3.389"/>
  <testcase classname="api.test.UserTests" name="testUpdateUserByName" time="23.791"/>
  <testcase classname="api.test.UserTests" name="testDeleteUserByName" time="3.429"/>
</testsuite> <!-- Default test -->
