<?xml version="1.0" encoding="UTF-8"?>
<testsuite xmlns:xsi="http://www.w3.org/2001/XMLSchema-instance" xsi:noNamespaceSchemaLocation="https://maven.apache.org/surefire/maven-surefire-plugin/xsd/surefire-test-report.xsd" version="3.0.2" name="TestSuite" time="14.032" tests="4" errors="0" skipped="0" failures="0">
  <properties>
[...]
</properties>
  <testcase name="testPostUser" classname="api.test.UserTestsProperties" time="3.956">
    <system-out><![CDATA[HTTP/1.1 200 OK
Date: Mon, 30 Dec 2024 04:29:27 GMT
Content-Type: application/json
Transfer-Encoding: chunked
Connection: keep-alive
Access-Control-Allow-Origin: *
Access-Control-Allow-Methods: GET, POST, DELETE, PUT
Access-Control-Allow-Headers: Content-Type, api_key, Authorization
Server: Jetty(9.2.9.v20150224)

{
    "code": 200,
    "type": "unknown",
    "message": "211973922"
}
]]></system-out>
  </testcase>
  <testcase name="testGetUserByName" classname="api.test.UserTestsProperties" time="2.188">
    <system-out><![CDATA[HTTP/1.1 200 OK
Date: Mon, 30 Dec 2024 04:29:30 GMT
Content-Type: application/json
Transfer-Encoding: chunked
Connection: keep-alive
Access-Control-Allow-Origin: *
Access-Control-Allow-Methods: GET, POST, DELETE, PUT
Access-Control-Allow-Headers: Content-Type, api_key, Authorization
Server: Jetty(9.2.9.v20150224)

{
    "id": 211973922,
    "username": "kittie.hackett",
    "firstName": "Laurinda",
    "lastName": "Reichel",
    "email": "king.hegmann@example.com",
    "password": "o4lwiem",
    "phone": "(549) 595-3141",
    "userStatus": 0
}
]]></system-out>
  </testcase>
  <testcase name="testUpdateUserByName" classname="api.test.UserTestsProperties" time="4.393">
    <system-out><![CDATA[HTTP/1.1 200 OK
Date: Mon, 30 Dec 2024 04:29:31 GMT
Content-Type: application/json
Transfer-Encoding: chunked
Connection: keep-alive
Access-Control-Allow-Origin: *
Access-Control-Allow-Methods: GET, POST, DELETE, PUT
Access-Control-Allow-Headers: Content-Type, api_key, Authorization
Server: Jetty(9.2.9.v20150224)

{
    "code": 200,
    "type": "unknown",
    "message": "211973922"
}
{
    "code": 200,
    "type": "unknown",
    "message": "211973922"
}
HTTP/1.1 200 OK
Date: Mon, 30 Dec 2024 04:29:34 GMT
Content-Type: application/json
Transfer-Encoding: chunked
Connection: keep-alive
Access-Control-Allow-Origin: *
Access-Control-Allow-Methods: GET, POST, DELETE, PUT
Access-Control-Allow-Headers: Content-Type, api_key, Authorization
Server: Jetty(9.2.9.v20150224)

{
    "id": 211973922,
    "username": "kittie.hackett",
    "firstName": "Hayley",
    "lastName": "Beahan",
    "email": "burl.cummings@example.com",
    "password": "o4lwiem",
    "phone": "(549) 595-3141",
    "userStatus": 0
}
]]></system-out>
  </testcase>
  <testcase name="testDeleteUserByName" classname="api.test.UserTestsProperties" time="2.555">
    <system-out><![CDATA[HTTP/1.1 200 OK
Date: Mon, 30 Dec 2024 04:29:36 GMT
Content-Type: application/json
Transfer-Encoding: chunked
Connection: keep-alive
Access-Control-Allow-Origin: *
Access-Control-Allow-Methods: GET, POST, DELETE, PUT
Access-Control-Allow-Headers: Content-Type, api_key, Authorization
Server: Jetty(9.2.9.v20150224)

{
    "code": 200,
    "type": "unknown",
    "message": "kittie.hackett"
}
]]></system-out>
  </testcase>
</testsuite>