<?xml version="1.0" encoding="UTF-8"?>
<testng-results ignored="0" total="4" passed="4" failed="0" skipped="0">
  <reporter-output>
  </reporter-output>
  <suite started-at="2024-12-30T09:37:01 IST" name="PetSuits" finished-at="2024-12-30T09:37:19 IST" duration-ms="18586">
    <groups>
    </groups>
    <test started-at="2024-12-30T09:37:01 IST" name="PetTest" finished-at="2024-12-30T09:37:19 IST" duration-ms="18586">
      <class name="api.test.UserTestsProperties">
        <test-method is-config="true" signature="setUpData()[pri:0, instance:api.test.UserTestsProperties@71c5b236]" started-at="2024-12-30T09:37:01 IST" name="setUpData" finished-at="2024-12-30T09:37:01 IST" duration-ms="147" status="PASS">
          <reporter-output>
          </reporter-output>
        </test-method> <!-- setUpData -->
        <test-method signature="testPostUser()[pri:1, instance:api.test.UserTestsProperties@71c5b236]" started-at="2024-12-30T09:37:01 IST" name="testPostUser" finished-at="2024-12-30T09:37:06 IST" duration-ms="4916" status="PASS">
          <reporter-output>
          </reporter-output>
        </test-method> <!-- testPostUser -->
        <test-method signature="testGetUserByName()[pri:2, instance:api.test.UserTestsProperties@71c5b236]" started-at="2024-12-30T09:37:06 IST" name="testGetUserByName" finished-at="2024-12-30T09:37:09 IST" duration-ms="2822" status="PASS">
          <reporter-output>
          </reporter-output>
        </test-method> <!-- testGetUserByName -->
        <test-method signature="testUpdateUserByName()[pri:3, instance:api.test.UserTestsProperties@71c5b236]" started-at="2024-12-30T09:37:09 IST" name="testUpdateUserByName" finished-at="2024-12-30T09:37:16 IST" duration-ms="6949" status="PASS">
          <reporter-output>
          </reporter-output>
        </test-method> <!-- testUpdateUserByName -->
        <test-method signature="testDeleteUserByName()[pri:4, instance:api.test.UserTestsProperties@71c5b236]" started-at="2024-12-30T09:37:16 IST" name="testDeleteUserByName" finished-at="2024-12-30T09:37:19 IST" duration-ms="3712" status="PASS">
          <reporter-output>
          </reporter-output>
        </test-method> <!-- testDeleteUserByName -->
      </class> <!-- api.test.UserTestsProperties -->
    </test> <!-- PetTest -->
  </suite> <!-- PetSuits -->
</testng-results>
