<?xml version="1.0" encoding="UTF-8"?>
<!-- Generated by org.testng.reporters.JUnitXMLReporter -->
<testsuite ignored="0" hostname="TIAABCP-UNADDSI013L3904534" failures="0" tests="4" name="PetTest" time="18.586" errors="0" timestamp="2024-12-30T09:37:19 IST">
  <testcase classname="api.test.UserTestsProperties" name="testPostUser" time="4.916"/>
  <testcase classname="api.test.UserTestsProperties" name="testGetUserByName" time="2.822"/>
  <testcase classname="api.test.UserTestsProperties" name="testUpdateUserByName" time="6.949"/>
  <testcase classname="api.test.UserTestsProperties" name="testDeleteUserByName" time="3.712"/>
</testsuite> <!-- PetTest -->
